2020-07-16 16:42:42,144 - root - INFO - ********************TEST START********************
2020-07-16 16:42:42,256 - urllib3.connectionpool - DEBUG - Starting new HTTPS connection (1): g700qa1-api.azure-api.net:443
2020-07-16 16:42:45,331 - urllib3.connectionpool - DEBUG - https://g700qa1-api.azure-api.net:443 "POST /aims/v1/auth/users/login HTTP/1.1" 200 None
2020-07-16 16:42:45,368 - urllib3.connectionpool - DEBUG - Starting new HTTPS connection (1): g700qa1-api.azure-api.net:443
2020-07-16 16:42:47,114 - urllib3.connectionpool - DEBUG - https://g700qa1-api.azure-api.net:443 "POST /aims/v1/auth/users/login HTTP/1.1" 200 None
2020-07-16 16:42:47,130 - urllib3.connectionpool - DEBUG - Starting new HTTPS connection (1): g700qa1-api.azure-api.net:443
2020-07-16 16:42:50,790 - urllib3.connectionpool - DEBUG - https://g700qa1-api.azure-api.net:443 "POST /aims/v1/auth/users/login HTTP/1.1" 200 None
2020-07-16 16:42:50,812 - urllib3.connectionpool - DEBUG - Starting new HTTPS connection (1): g700qa1-api.azure-api.net:443
2020-07-16 16:42:51,881 - urllib3.connectionpool - DEBUG - https://g700qa1-api.azure-api.net:443 "POST /aims/v1/auth/users/login HTTP/1.1" 200 None
2020-07-16 16:42:51,897 - root - INFO - ---F1 获取设备任务信息 测试开始---
2020-07-16 16:42:51,907 - urllib3.connectionpool - DEBUG - Starting new HTTPS connection (1): g700qa1-api.azure-api.net:443
2020-07-16 16:42:52,559 - urllib3.connectionpool - DEBUG - https://g700qa1-api.azure-api.net:443 "POST /aims/v1/auth/users/login HTTP/1.1" 200 None
2020-07-16 16:42:52,563 - urllib3.connectionpool - DEBUG - Starting new HTTPS connection (1): g700qa1-api.azure-api.net:443
2020-07-16 16:42:54,193 - urllib3.connectionpool - DEBUG - https://g700qa1-api.azure-api.net:443 "GET /aiot/v1/feature/5AA02A8FD58A15470D1D05C1E68AC2E5977E9B95/job?jobid=dFPBHUM HTTP/1.1" 200 None
2020-07-16 16:42:54,200 - root - INFO - ---F1 获取设备任务信息 测试结束---
2020-07-16 16:42:54,201 - root - INFO - ---F1 jobid参数为空 测试开始---
2020-07-16 16:42:54,211 - urllib3.connectionpool - DEBUG - Starting new HTTPS connection (1): g700qa1-api.azure-api.net:443
2020-07-16 16:42:54,872 - urllib3.connectionpool - DEBUG - https://g700qa1-api.azure-api.net:443 "POST /aims/v1/auth/users/login HTTP/1.1" 200 None
2020-07-16 16:42:54,877 - urllib3.connectionpool - DEBUG - Starting new HTTPS connection (1): g700qa1-api.azure-api.net:443
2020-07-16 16:42:55,743 - urllib3.connectionpool - DEBUG - https://g700qa1-api.azure-api.net:443 "GET /aiot/v1/feature/5AA02A8FD58A15470D1D05C1E68AC2E5977E9B95/job?jobid= HTTP/1.1" 400 None
2020-07-16 16:42:55,746 - root - INFO - ---F1 jobid参数为空 测试结束---
2020-07-16 16:42:55,747 - root - INFO - ---F1 jobid参数错误 测试开始---
2020-07-16 16:42:55,751 - urllib3.connectionpool - DEBUG - Starting new HTTPS connection (1): g700qa1-api.azure-api.net:443
2020-07-16 16:42:56,445 - urllib3.connectionpool - DEBUG - https://g700qa1-api.azure-api.net:443 "POST /aims/v1/auth/users/login HTTP/1.1" 200 None
2020-07-16 16:42:56,454 - urllib3.connectionpool - DEBUG - Starting new HTTPS connection (1): g700qa1-api.azure-api.net:443
2020-07-16 16:42:57,328 - urllib3.connectionpool - DEBUG - https://g700qa1-api.azure-api.net:443 "GET /aiot/v1/feature/5AA02A8FD58A15470D1D05C1E68AC2E5977E9B95/job?jobid=cuowu HTTP/1.1" 400 None
2020-07-16 16:42:57,335 - root - INFO - ---F1 jobid参数错误 测试结束---
2020-07-16 16:42:57,335 - root - INFO - ---F1 deviceid参数错误 测试开始---
2020-07-16 16:42:57,346 - urllib3.connectionpool - DEBUG - Starting new HTTPS connection (1): g700qa1-api.azure-api.net:443
2020-07-16 16:42:58,355 - urllib3.connectionpool - DEBUG - https://g700qa1-api.azure-api.net:443 "POST /aims/v1/auth/users/login HTTP/1.1" 200 None
2020-07-16 16:42:58,368 - urllib3.connectionpool - DEBUG - Starting new HTTPS connection (1): g700qa1-api.azure-api.net:443
2020-07-16 16:43:09,095 - urllib3.connectionpool - DEBUG - https://g700qa1-api.azure-api.net:443 "GET /aiot/v1/feature/cuowu/job?jobid=dFPBHUM HTTP/1.1" 400 None
2020-07-16 16:43:09,102 - root - INFO - ---F1 deviceid参数错误 测试结束---
2020-07-16 16:43:09,103 - root - INFO - ---F2 创建设备任务信息 测试开始---
2020-07-16 16:43:09,114 - urllib3.connectionpool - DEBUG - Starting new HTTPS connection (1): g700qa1-api.azure-api.net:443
2020-07-16 16:43:18,391 - urllib3.connectionpool - DEBUG - https://g700qa1-api.azure-api.net:443 "POST /aims/v1/auth/users/login HTTP/1.1" 200 None
2020-07-16 16:43:18,396 - urllib3.connectionpool - DEBUG - Starting new HTTPS connection (1): g700qa1-api.azure-api.net:443
2020-07-16 16:43:19,466 - urllib3.connectionpool - DEBUG - https://g700qa1-api.azure-api.net:443 "POST /aiot/v1/feature/5AA02A8FD58A15470D1D05C1E68AC2E5977E9B95/job HTTP/1.1" 200 None
2020-07-16 16:43:19,469 - root - INFO - ---F2 创建设备任务信息 测试结束---
2020-07-16 16:43:19,470 - root - INFO - ---F2 参数为空 测试开始---
2020-07-16 16:43:19,474 - urllib3.connectionpool - DEBUG - Starting new HTTPS connection (1): g700qa1-api.azure-api.net:443
2020-07-16 16:43:20,415 - urllib3.connectionpool - DEBUG - https://g700qa1-api.azure-api.net:443 "POST /aims/v1/auth/users/login HTTP/1.1" 200 None
2020-07-16 16:43:20,419 - urllib3.connectionpool - DEBUG - Starting new HTTPS connection (1): g700qa1-api.azure-api.net:443
2020-07-16 16:43:22,248 - urllib3.connectionpool - DEBUG - https://g700qa1-api.azure-api.net:443 "POST /aiot/v1/feature/5AA02A8FD58A15470D1D05C1E68AC2E5977E9B95/job HTTP/1.1" 400 None
2020-07-16 16:43:22,255 - root - INFO - ---F2 参数为空 测试结束---
2020-07-16 16:43:22,256 - root - INFO - ---F2 参数错误 测试开始---
2020-07-16 16:43:22,266 - urllib3.connectionpool - DEBUG - Starting new HTTPS connection (1): g700qa1-api.azure-api.net:443
2020-07-16 16:43:24,848 - urllib3.connectionpool - DEBUG - https://g700qa1-api.azure-api.net:443 "POST /aims/v1/auth/users/login HTTP/1.1" 200 None
2020-07-16 16:43:24,854 - urllib3.connectionpool - DEBUG - Starting new HTTPS connection (1): g700qa1-api.azure-api.net:443
2020-07-16 16:43:26,953 - urllib3.connectionpool - DEBUG - https://g700qa1-api.azure-api.net:443 "POST /aiot/v1/feature/5AA02A8FD58A15470D1D05C1E68AC2E5977E9B95/job HTTP/1.1" 400 None
2020-07-16 16:43:26,956 - root - INFO - ---F2 参数错误 测试结束---
2020-07-16 16:43:26,956 - root - INFO - ---F2 deviceid不存在 测试开始---
2020-07-16 16:43:26,962 - urllib3.connectionpool - DEBUG - Starting new HTTPS connection (1): g700qa1-api.azure-api.net:443
2020-07-16 16:43:30,756 - urllib3.connectionpool - DEBUG - https://g700qa1-api.azure-api.net:443 "POST /aims/v1/auth/users/login HTTP/1.1" 200 None
2020-07-16 16:43:30,764 - urllib3.connectionpool - DEBUG - Starting new HTTPS connection (1): g700qa1-api.azure-api.net:443
2020-07-16 16:43:33,082 - urllib3.connectionpool - DEBUG - https://g700qa1-api.azure-api.net:443 "POST /aiot/v1/feature/cuowu/job HTTP/1.1" 400 None
2020-07-16 16:43:33,085 - root - INFO - ---F2 deviceid不存在 测试结束---
2020-07-16 16:43:33,085 - root - INFO - ---F3 更新设备名称 测试开始---
2020-07-16 16:43:33,090 - urllib3.connectionpool - DEBUG - Starting new HTTPS connection (1): g700qa1-api.azure-api.net:443
2020-07-16 16:43:47,217 - urllib3.connectionpool - DEBUG - https://g700qa1-api.azure-api.net:443 "POST /aims/v1/auth/users/login HTTP/1.1" 200 None
2020-07-16 16:43:47,224 - urllib3.connectionpool - DEBUG - Starting new HTTPS connection (1): g700qa1-api.azure-api.net:443
2020-07-16 16:43:48,803 - urllib3.connectionpool - DEBUG - https://g700qa1-api.azure-api.net:443 "PUT /aiot/v1/assets/device/5AA02A8FD58A15470D1D05C1E68AC2E5977E9B95 HTTP/1.1" 200 None
2020-07-16 16:43:48,807 - root - INFO - ---F3 更新设备名称 测试结束---
2020-07-16 16:43:48,807 - root - INFO - ---F3 displayname重复 测试开始---
2020-07-16 16:43:48,814 - urllib3.connectionpool - DEBUG - Starting new HTTPS connection (1): g700qa1-api.azure-api.net:443
2020-07-16 16:43:49,780 - urllib3.connectionpool - DEBUG - https://g700qa1-api.azure-api.net:443 "POST /aims/v1/auth/users/login HTTP/1.1" 200 None
2020-07-16 16:43:49,784 - urllib3.connectionpool - DEBUG - Starting new HTTPS connection (1): g700qa1-api.azure-api.net:443
2020-07-16 16:43:51,522 - urllib3.connectionpool - DEBUG - https://g700qa1-api.azure-api.net:443 "PUT /aiot/v1/assets/device/5AA02A8FD58A15470D1D05C1E68AC2E5977E9B95 HTTP/1.1" 400 None
2020-07-16 16:43:51,525 - root - INFO - ---F3 displayname重复 测试结束---
2020-07-16 16:43:51,525 - root - INFO - ---F3 displayname为空 测试开始---
2020-07-16 16:43:51,528 - urllib3.connectionpool - DEBUG - Starting new HTTPS connection (1): g700qa1-api.azure-api.net:443
2020-07-16 16:43:52,219 - urllib3.connectionpool - DEBUG - https://g700qa1-api.azure-api.net:443 "POST /aims/v1/auth/users/login HTTP/1.1" 200 None
2020-07-16 16:43:52,223 - urllib3.connectionpool - DEBUG - Starting new HTTPS connection (1): g700qa1-api.azure-api.net:443
2020-07-16 16:43:53,330 - urllib3.connectionpool - DEBUG - https://g700qa1-api.azure-api.net:443 "PUT /aiot/v1/assets/device/5AA02A8FD58A15470D1D05C1E68AC2E5977E9B95 HTTP/1.1" 400 None
2020-07-16 16:43:54,230 - root - INFO - ---F3 displayname为空 测试结束---
2020-07-16 16:43:54,230 - root - INFO - ---F3 deviceid不存在 测试开始---
2020-07-16 16:43:54,238 - urllib3.connectionpool - DEBUG - Starting new HTTPS connection (1): g700qa1-api.azure-api.net:443
2020-07-16 16:44:16,072 - urllib3.connectionpool - DEBUG - https://g700qa1-api.azure-api.net:443 "POST /aims/v1/auth/users/login HTTP/1.1" 200 None
2020-07-16 16:44:17,096 - urllib3.connectionpool - DEBUG - Starting new HTTPS connection (1): g700qa1-api.azure-api.net:443
2020-07-16 16:44:17,921 - urllib3.connectionpool - DEBUG - https://g700qa1-api.azure-api.net:443 "PUT /aiot/v1/assets/device/cuowu HTTP/1.1" 403 None
2020-07-16 16:44:17,924 - root - INFO - ---F3 deviceid不存在 测试结束---
2020-07-16 16:44:17,924 - root - INFO - ---F4 删除设备任务信息 测试开始---
2020-07-16 16:44:17,929 - urllib3.connectionpool - DEBUG - Starting new HTTPS connection (1): g700qa1-api.azure-api.net:443
2020-07-16 16:44:18,776 - urllib3.connectionpool - DEBUG - https://g700qa1-api.azure-api.net:443 "POST /aims/v1/auth/users/login HTTP/1.1" 200 None
2020-07-16 16:44:18,780 - urllib3.connectionpool - DEBUG - Starting new HTTPS connection (1): g700qa1-api.azure-api.net:443
2020-07-16 16:44:20,480 - urllib3.connectionpool - DEBUG - https://g700qa1-api.azure-api.net:443 "POST /aiot/v1/feature/5AA02A8FD58A15470D1D05C1E68AC2E5977E9B95/job HTTP/1.1" 200 None
2020-07-16 16:44:25,485 - urllib3.connectionpool - DEBUG - Starting new HTTPS connection (1): g700qa1-api.azure-api.net:443
2020-07-16 16:44:27,554 - urllib3.connectionpool - DEBUG - https://g700qa1-api.azure-api.net:443 "POST /aims/v1/auth/users/login HTTP/1.1" 200 None
2020-07-16 16:44:27,560 - urllib3.connectionpool - DEBUG - Starting new HTTPS connection (1): g700qa1-api.azure-api.net:443
2020-07-16 16:44:31,010 - urllib3.connectionpool - DEBUG - https://g700qa1-api.azure-api.net:443 "DELETE /aiot/v1/feature/5AA02A8FD58A15470D1D05C1E68AC2E5977E9B95/job HTTP/1.1" 200 None
2020-07-16 16:44:31,014 - root - INFO - ---F4 删除设备任务信息 测试结束---
2020-07-16 16:44:31,015 - root - INFO - ---F4 jobid参数为空 测试开始---
2020-07-16 16:44:31,023 - urllib3.connectionpool - DEBUG - Starting new HTTPS connection (1): g700qa1-api.azure-api.net:443
2020-07-16 16:44:31,469 - urllib3.connectionpool - DEBUG - https://g700qa1-api.azure-api.net:443 "POST /aims/v1/auth/users/login HTTP/1.1" 200 None
2020-07-16 16:44:31,478 - urllib3.connectionpool - DEBUG - Starting new HTTPS connection (1): g700qa1-api.azure-api.net:443
2020-07-16 16:44:32,239 - urllib3.connectionpool - DEBUG - https://g700qa1-api.azure-api.net:443 "DELETE /aiot/v1/feature/5AA02A8FD58A15470D1D05C1E68AC2E5977E9B95/job HTTP/1.1" 400 None
2020-07-16 16:44:32,241 - root - INFO - ---F4 jobid参数为空 测试结束---
2020-07-16 16:44:32,241 - root - INFO - ---F4 jobid参数错误 测试开始---
2020-07-16 16:44:32,244 - urllib3.connectionpool - DEBUG - Starting new HTTPS connection (1): g700qa1-api.azure-api.net:443
2020-07-16 16:44:33,008 - urllib3.connectionpool - DEBUG - https://g700qa1-api.azure-api.net:443 "POST /aims/v1/auth/users/login HTTP/1.1" 200 None
2020-07-16 16:44:33,016 - urllib3.connectionpool - DEBUG - Starting new HTTPS connection (1): g700qa1-api.azure-api.net:443
2020-07-16 16:44:33,515 - urllib3.connectionpool - DEBUG - https://g700qa1-api.azure-api.net:443 "DELETE /aiot/v1/feature/5AA02A8FD58A15470D1D05C1E68AC2E5977E9B95/job HTTP/1.1" 400 None
2020-07-16 16:44:33,517 - root - INFO - ---F4 jobid参数错误 测试结束---
2020-07-16 16:44:33,518 - root - INFO - *********************TEST END*********************
